/fast/users/giurgium_c/CircleSeq/Nanopore/Evolution/Process/CB1091-initial_12072021/hg19/ngmlr_hg19.bam
check bam and bed for consistency in chromosome annotation!!
loading chrom sizes
total chroms: 93
genome size: 3137161264
loading bins
total bins: 50000
chroms with bins: 24
counting reads in bins
total used reads: 1197761
mean reads per bin: 23
writing output
Analyzing: CB1091.initial_12072021 
append  chr6 26670982 32345551 95 0.037803 18661 18755 
left  chr6 0 26608998 482 -0.003600 18179 18660 
right  chr6 26670982 32345551 95 0.037803 18661 18755 
append  chr8 0 2238112 37 0.171970 23857 23893 
append  chr8 11854910 39144557 490 -0.031622 24051 24540 
left  chr8 8101872 11801595 69 -0.054500 23982 24050 
right  chr8 11854910 39144557 490 -0.031622 24051 24540 
append  chr1 16949551 83519313 1186 -0.031383 267 1452 
left  chr1 13824109 16755897 53 -0.056300 214 266 
right  chr1 16949551 83519313 1186 -0.031383 267 1452 
append  chr1 12870263 83519313 1241 -0.029201 212 1452 
left  chr1 1758057 12804213 195 -0.044300 17 211 
right  chr1 12870263 83519313 1241 -0.029201 212 1452 
append  chr15 22309241 32616215 147 0.108080 38633 38779 
append  chr7 55636781 63033118 40 0.389598 22181 22220 
append  chr8 6990838 39144557 561 -0.025713 23980 24540 
left  chr8 2308879 6903623 86 -0.039600 23894 23979 
right  chr8 6990838 39144557 561 -0.025713 23980 24540 
append  chr5 34441142 70310328 558 0.013838 15643 16200 
left  chr5 34441142 70310328 558 0.013838 15643 16200 
right  chr5 70751670 175275180 1894 -0.015600 16201 18094 
append  chr2 97732487 130649822 561 -0.002809 5553 6113 
left  chr2 96778353 97637976 16 -0.033200 5537 5552 
right  chr2 97732487 130649822 561 -0.002809 5553 6113 
append  chr6 0 32526395 580 0.008304 18179 18758 
left  chr6 0 32526395 580 0.008304 18179 18758 
right  chr6 32586311 57610677 450 -0.016000 18759 19208 
append  chr4 132556845 144676282 220 0.010155 13968 14187 
left  chr4 750692 132504583 2299 -0.008500 11669 13967 
right  chr4 132556845 144676282 220 0.010155 13968 14187 
append  chr10 81865217 89184260 129 0.001949 29706 29834 
left  chr10 81865217 89184260 129 0.001949 29706 29834 
right  chr10 89308041 135377159 835 -0.033700 29835 30669 
append  chr2 133065776 242188090 1992 -0.024151 6135 8126 
append  chr4 750692 144979848 2522 -0.006693 11669 14190 
left  chr4 750692 144979848 2522 -0.006693 11669 14190 
right  chr4 145075873 190416923 828 -0.018000 14191 15018 
append  chr11 50126133 71519154 295 0.045841 31555 31849 
left  chr11 50126133 71519154 295 0.045841 31555 31849 
right  chr11 71631794 88540402 306 -0.011600 31850 32155 
append  chr15 32953668 85052320 915 -0.002410 38780 39694 
left  chr15 32953668 85052320 915 -0.002410 38780 39694 
right  chr15 85151273 102363776 313 -0.011200 39695 40007 
append  chr1 83569672 120456926 655 -0.001625 1453 2107 
left  chr1 1758057 83519313 1436 -0.031251 17 1452 
right  chr1 83569672 120456926 655 -0.001625 1453 2107 
append  chr8 2308879 39308029 650 -0.033425 23894 24543 
left  chr8 2308879 39308029 650 -0.033425 23894 24543 
right  chr8 39363306 145117948 1858 -0.020600 24544 26401 
append  chr5 175326394 180656941 84 0.092937 18095 18178 
left  chr5 34441142 175275180 2452 -0.008865 15643 18094 
right  chr5 175326394 180656941 84 0.092937 18095 18178 
append  chr5 34039509 180656941 2539 -0.003747 15640 18178 
left  chr5 0 33986669 616 -0.031800 15024 15639 
right  chr5 34039509 180656941 2539 -0.003747 15640 18178 
append  chr2 16551911 87776523 1284 -0.019010 4213 5496 
left  chr2 16551911 87776523 1284 -0.019010 4213 5496 
right  chr2 88218730 89197076 17 -0.045900 5497 5513 
SDUndoAll intrachrom breakpoints 0 
