/fast/users/giurgium_c/CircleSeq/Nanopore/Evolution/Process/CB1067-resection_09082021/hg19/ngmlr_hg19.bam
check bam and bed for consistency in chromosome annotation!!
loading chrom sizes
total chroms: 93
genome size: 3137161264
loading bins
total bins: 50000
chroms with bins: 24
counting reads in bins
total used reads: 5000360
mean reads per bin: 100
writing output
Analyzing: CB1067.resection_09082021 
append  chr15 86194398 102363776 296 -0.037003 39712 40007 
append  chr3 128286095 129873096 27 0.103985 10405 10431 
append  chr12 8604971 31297446 408 0.050235 33139 33546 
left  chr12 8604971 31297446 408 0.050235 33139 33546 
right  chr12 31387932 54412167 346 0.029900 33547 33892 
append  chr15 34655792 35715137 18 0.106038 38811 38828 
append  chr21 15428328 29343995 258 -0.025384 45973 46230 
left  chr21 15428328 29343995 258 -0.025384 45973 46230 
right  chr21 29438499 48047356 340 -0.068700 46231 46570 
append  chr11 3399991 40577614 672 0.011429 30726 31397 
append  chr8 0 2238112 37 0.037157 23857 23893 
append  chr11 71365772 78541172 126 0.061305 31848 31973 
append  chr4 90500 3978596 68 -0.010785 11658 11725 
left  chr4 90500 3978596 68 -0.010785 11658 11725 
right  chr4 4124033 8855835 87 -0.060200 11726 11812 
append  chr14 106004073 107231764 19 0.127758 38609 38627 
append  chr12 58276176 64019144 104 0.033161 33957 34060 
left  chr12 58276176 64019144 104 0.033161 33957 34060 
right  chr12 64143343 133772925 1252 0.001000 34061 35312 
append  chr3 162486284 197796251 638 0.014887 11020 11657 
left  chr3 129969990 162429484 588 0.029000 10432 11019 
right  chr3 162486284 197796251 638 0.014887 11020 11657 
append  chr5 0 796054 13 0.198887 15024 15036 
append  chr3 85841412 125553269 663 0.034457 9693 10355 
left  chr3 85841412 125553269 663 0.034457 9693 10355 
right  chr3 125678303 126661039 19 -0.007800 10356 10374 
append  chr5 20688773 180656941 2777 0.018783 15402 18178 
append  chr1 149883877 161478718 201 0.080440 2147 2347 
append  chr15 43804009 44953711 18 0.174201 38974 38991 
append  chr1 243058683 248489036 93 0.074728 3811 3903 
append  chr7 7071647 56960945 898 0.005848 21301 22198 
append  chr16 70843139 76125139 88 0.093663 40977 41064 
append  chr8 5867885 7630380 21 0.243564 23961 23981 
append  chr15 32406791 34600353 33 0.123535 38778 38810 
append  chr1 8306737 13189334 81 0.047595 133 213 
append  chr1 13824109 17056656 55 0.016089 214 268 
append  chr2 96778353 97950780 18 0.278600 5537 5554 
append  chr7 62709729 66684499 49 0.278664 22219 22267 
append  chrY 13295213 28626328 143 -6.410025 49758 49900 
append  chr13 0 20138425 13 0.350343 35313 35325 
append  chr8 8101872 39363306 563 -0.020885 23982 24544 
left  chr8 8101872 39363306 563 -0.020885 23982 24544 
right  chr8 39415337 43360011 68 0.029900 24545 24612 
append  chr4 119633344 132794070 236 0.030530 13735 13970 
left  chr4 119633344 132794070 236 0.030530 13735 13970 
right  chr4 132907402 144620612 216 -0.011000 13971 14186 
append  chr4 70318908 119514935 883 0.049662 12852 13734 
left  chr4 70318908 119514935 883 0.049662 12852 13734 
right  chr4 119633344 144620612 452 0.010677 13735 14186 
append  chr15 84708726 86140495 20 0.250335 39692 39711 
append  chr11 50352587 67687820 228 0.031255 31558 31785 
append  chr17 15453600 18184563 43 0.113562 41586 41628 
append  chr7 5047732 6966458 28 0.292670 21273 21300 
append  chr1 83569672 103676535 362 0.053748 1453 1814 
left  chr1 59150648 83519313 447 0.020200 1006 1452 
right  chr1 83569672 103676535 362 0.053748 1453 1814 
append  chr17 18767912 20527911 24 0.186396 41632 41655 
append  chr17 18244946 20527911 27 0.305221 41629 41655 
append  chr16 66383587 70185679 64 0.119817 40904 40967 
append  chr16 14769988 28286070 201 0.043774 40266 40466 
append  chr17 20641742 44350738 338 0.071995 41656 41993 
left  chr17 20641742 44350738 338 0.071995 41656 41993 
right  chr17 44808094 80199150 620 0.034000 41994 42613 
append  chr2 87054924 89197076 20 0.431983 5494 5513 
SDUndoAll intrachrom breakpoints 0 
