/fast/users/giurgium_c/CircleSeq/Nanopore/Evolution/Process/CB1058-resection_21072021/hg19/ngmlr_hg19.bam
check bam and bed for consistency in chromosome annotation!!
loading chrom sizes
total chroms: 93
genome size: 3137161264
loading bins
total bins: 50000
chroms with bins: 24
counting reads in bins
total used reads: 1604373
mean reads per bin: 32
writing output
Analyzing: CB1058.resection_21072021 
append  chr1 149883877 161478718 201 0.044915 2147 2347 
left  chr1 149883877 161478718 201 0.044915 2147 2347 
right  chr1 161643369 242995101 1463 0.016000 2348 3810 
append  chr17 15453600 18184563 43 0.157427 41586 41628 
append  chr1 243058683 249164701 100 0.098979 3811 3910 
left  chr1 149883877 242995101 1664 0.019535 2147 3810 
right  chr1 243058683 249164701 100 0.098979 3811 3910 
append  chr1 12870263 16755897 55 0.043161 212 266 
left  chr1 0 12804213 211 -0.026300 1 211 
right  chr1 12870263 16755897 55 0.043161 212 266 
append  chr15 22760350 32616215 143 0.063954 38637 38779 
left  chr15 22760350 32616215 143 0.063954 38637 38779 
right  chr15 32953668 102363776 1228 -0.016700 38780 40007 
append  chr2 96778353 97950780 18 0.332850 5537 5554 
append  chr16 16253207 31895630 230 0.083102 40282 40511 
append  chr8 6990838 146232982 2437 0.000135 23980 26416 
left  chr8 0 6903623 123 -0.039000 23857 23979 
right  chr8 6990838 146232982 2437 0.000135 23980 26416 
append  chr5 34441142 70310328 558 0.040837 15643 16200 
left  chr5 34441142 70310328 558 0.040837 15643 16200 
right  chr5 70751670 180656941 1978 0.002000 16201 18178 
append  chr1 0 17056656 268 0.014713 1 268 
append  chr4 90500 4124033 69 0.025673 11658 11726 
append  chr10 38494139 46100167 62 0.142243 29057 29118 
append  chr4 9719709 144979848 2372 0.017708 11819 14190 
left  chr4 9719709 144979848 2372 0.017708 11819 14190 
right  chr4 145075873 190845177 833 0.004700 14191 15023 
append  chr11 67442829 71150635 63 0.035089 31783 31845 
left  chr11 64103682 67382617 58 -0.028000 31725 31782 
right  chr11 67442829 71150635 63 0.035089 31783 31845 
append  chr13 0 115048768 1745 -0.014046 35313 37057 
append  chr7 6718456 34760211 509 0.081692 21298 21806 
left  chr7 0 6659855 113 0.063700 21185 21297 
right  chr7 6718456 34760211 509 0.081692 21298 21806 
append  chr1 83569672 120456926 655 0.026335 1453 2107 
left  chr1 21660876 83519313 1104 0.008600 349 1452 
right  chr1 83569672 120456926 655 0.026335 1453 2107 
append  chr3 75424719 197796251 2153 0.015573 9505 11657 
left  chr3 0 75352079 1364 -0.011000 8141 9504 
right  chr3 75424719 197796251 2153 0.015573 9505 11657 
append  chr22 0 51141171 576 -0.012763 46571 47146 
append  chr5 34039509 180656941 2539 0.012720 15640 18178 
left  chr5 21634857 33986669 226 -0.028900 15414 15639 
right  chr5 34039509 180656941 2539 0.012720 15640 18178 
append  chr16 7878699 15181666 125 -0.019591 40144 40268 
left  chr16 7878699 15181666 125 -0.019591 40144 40268 
right  chr16 15495797 16196592 13 -0.072600 40269 40281 
append  chr2 87054924 89197076 20 0.385053 5494 5513 
append  chr14 19121755 96259726 1373 -0.000846 37058 38430 
SDUndoAll intrachrom breakpoints 0 
