/fast/users/giurgium_c/CircleSeq/Nanopore/Evolution/Process/CB1069-initial_27072021/hg19/ngmlr_hg19.bam
check bam and bed for consistency in chromosome annotation!!
loading chrom sizes
total chroms: 93
genome size: 3137161264
loading bins
total bins: 50000
chroms with bins: 24
counting reads in bins
total used reads: 5026031
mean reads per bin: 100
writing output
Analyzing: CB1069.initial_27072021 
append  chr8 141389704 145063476 67 -0.046909 26334 26400 
append  chr21 29249735 33728369 82 -0.014697 46229 46310 
left  chr21 19193040 29179313 188 -0.042200 46041 46228 
right  chr21 29249735 33728369 82 -0.014697 46229 46310 
append  chr15 32953668 34761777 33 0.053753 38780 38812 
left  chr15 32953668 34761777 33 0.053753 38780 38812 
right  chr15 34873738 40783922 110 0.001400 38813 38922 
append  chr8 432555 2238112 33 -0.091720 23861 23893 
append  chr4 70318908 119514935 883 0.041272 12852 13734 
left  chr4 70318908 119514935 883 0.041272 12852 13734 
right  chr4 119633344 132504583 233 0.013900 13735 13967 
append  chr14 106004073 107231764 19 0.136433 38609 38627 
append  chr12 63907011 70165312 112 0.087881 34059 34170 
append  chr3 124310981 125553269 22 0.121683 10334 10355 
append  chr1 241519145 243206988 28 0.104532 3785 3812 
append  chr5 20688773 21419634 10 0.386629 15402 15411 
append  chr1 7895829 13189334 88 0.135453 126 213 
append  chr15 32406791 40783922 145 0.035868 38778 38922 
append  chr1 15743199 17056656 20 0.304453 249 268 
append  chr2 96778353 97950780 18 0.296574 5537 5554 
append  chr8 6208584 7630380 15 0.354882 23967 23981 
append  chr12 106650238 107261772 12 0.028871 34835 34846 
append  chr2 144438074 147068488 51 0.070808 6345 6395 
append  chr13 19504144 22185865 45 0.131671 35316 35360 
append  chr10 120786028 121186294 8 0.068351 30405 30412 
append  chr15 40841017 41313819 9 0.146491 38923 38931 
append  chr19 55635726 59040927 59 0.057347 44837 44895 
append  chr4 68085511 70236075 36 0.154701 12816 12851 
append  chr15 84708726 86358436 24 0.260713 39692 39715 
append  chr4 70318908 132794070 1119 0.037505 12852 13970 
append  chr1 202302980 207999754 93 0.113201 3088 3180 
append  chr11 67442829 68421126 15 0.282945 31783 31797 
append  chr11 3262464 4400899 15 0.384889 30725 30739 
append  chr4 139844271 144979848 91 0.099692 14100 14190 
left  chr4 139844271 144979848 91 0.099692 14100 14190 
right  chr4 145075873 147483149 44 0.064800 14191 14234 
append  chr11 71266233 78327380 123 0.104613 31847 31969 
append  chr13 0 22185865 48 0.181852 35313 35360 
append  chr17 15453600 18184563 43 0.158715 41586 41628 
append  chr3 71534186 75803231 74 0.010693 9434 9507 
append  chr22 0 26062084 132 0.210354 46571 46702 
append  chr1 58928805 83831115 454 0.005073 1002 1455 
append  chr17 18244946 49453961 446 0.183866 41629 42074 
left  chr17 15453600 18184563 43 0.158715 41586 41628 
right  chr17 18244946 49453961 446 0.183866 41629 42074 
append  chr2 84673138 87776523 45 0.281296 5452 5496 
SDUndoAll intrachrom breakpoints 0 
