/fast/users/giurgium_c/CircleSeq/Nanopore/Evolution/Process/CB1008-initial_01012020/hg19/ngmlr_hg19.bam
check bam and bed for consistency in chromosome annotation!!
loading chrom sizes
total chroms: 93
genome size: 3137161264
loading bins
total bins: 50000
chroms with bins: 24
counting reads in bins
total used reads: 5798366
mean reads per bin: 115
writing output
Analyzing: CB1008.initial_01012020 
append  chr21 29249735 34563159 97 -0.039365 46229 46325 
left  chr21 19193040 29179313 188 -0.054100 46041 46228 
right  chr21 29249735 34563159 97 -0.039365 46229 46325 
append  chr3 129756026 134248326 80 0.046768 10430 10509 
left  chr3 129005274 129681455 13 0.000500 10417 10429 
right  chr3 129756026 134248326 80 0.046768 10430 10509 
append  chr1 12870263 16755897 55 -0.245048 212 266 
append  chr3 58103052 125553269 1168 -0.020666 9188 10355 
append  chr15 40568239 43916915 58 0.104531 38918 38975 
append  chr11 3399991 48298148 811 -0.014265 30726 31536 
append  chr4 119633344 132794070 236 0.167174 13735 13970 
left  chr4 119633344 132794070 236 0.167174 13735 13970 
right  chr4 132907402 139027080 115 0.117900 13971 14085 
append  chr12 0 64019144 1069 0.015806 32992 34060 
left  chr12 0 64019144 1069 0.015806 32992 34060 
right  chr12 64143343 120607841 1025 -0.006500 34061 35085 
append  chr8 0 2238112 37 0.005321 23857 23893 
append  chr15 32406791 34600353 33 0.072632 38778 38810 
append  chr7 55704768 63033118 39 0.291184 22182 22220 
append  chr2 96676186 97950780 19 0.208002 5536 5554 
append  chr1 12870263 17056656 57 -0.179874 212 268 
append  chr8 6990838 43295289 632 0.001872 23980 24611 
append  chr2 15637763 16336776 13 4.085780 4197 4209 
append  chrX 47965461 49509244 21 -0.706605 47990 48010 
append  chr1 156034178 156774648 14 0.077040 2251 2264 
append  chr19 58236492 58800333 10 0.084056 44882 44891 
append  chr15 34655792 35597494 16 0.182905 38811 38826 
append  chr15 44060329 85052320 719 0.011740 38976 39694 
left  chr15 44060329 85052320 719 0.011740 38976 39694 
right  chr15 85151273 94931802 176 -0.001600 39695 39870 
append  chr1 243058683 249164701 100 0.031026 3811 3910 
left  chr1 236394444 242995101 120 -0.024000 3691 3810 
right  chr1 243058683 249164701 100 0.031026 3811 3910 
append  chr4 109355536 119514935 184 0.162154 13551 13734 
left  chr4 109355536 119514935 184 0.162154 13551 13734 
right  chr4 119633344 139027080 351 0.151017 13735 14085 
append  chr4 90500 4124033 69 0.169521 11658 11726 
left  chr4 90500 4124033 69 0.169521 11658 11726 
right  chr4 4214230 8906817 87 0.123100 11727 11813 
append  chr11 71266233 88482009 308 0.029693 31847 32154 
append  chr2 96241795 97950780 22 0.305948 5533 5554 
append  chr1 83569672 120456926 655 0.008250 1453 2107 
left  chr1 47657839 83519313 655 -0.016300 798 1452 
right  chr1 83569672 120456926 655 0.008250 1453 2107 
SDUndoAll intrachrom breakpoints 0 
