/fast/users/giurgium_c/CircleSeq/Nanopore/Evolution/Process/CB1058-initial_19072021/hg19/ngmlr_hg19.bam
check bam and bed for consistency in chromosome annotation!!
loading chrom sizes
total chroms: 93
genome size: 3137161264
loading bins
total bins: 50000
chroms with bins: 24
counting reads in bins
total used reads: 3768459
mean reads per bin: 75
writing output
Analyzing: CB1058.initial_19072021 
append  chr21 15428328 29343995 258 -0.175477 45973 46230 
left  chr21 15428328 29343995 258 -0.175477 45973 46230 
right  chr21 29438499 48047356 340 -0.210600 46231 46570 
append  chr4 1630828 3978596 42 -0.105792 11684 11725 
append  chr1 243058683 249164701 100 -0.091196 3811 3910 
left  chr1 231245781 242995101 212 -0.138400 3599 3810 
right  chr1 243058683 249164701 100 -0.091196 3811 3910 
append  chr14 106004073 107231764 19 0.042655 38609 38627 
append  chr12 58389277 64019144 102 -0.022928 33959 34060 
left  chr12 58389277 64019144 102 -0.022928 33959 34060 
right  chr12 64143343 133354165 1248 -0.066700 34061 35308 
append  chr3 101107709 125553269 445 -0.092710 9911 10355 
left  chr3 101107709 125553269 445 -0.092710 9911 10355 
right  chr3 125678303 197796251 1302 -0.129100 10356 11657 
append  chr8 2376006 7630380 87 -0.914871 23895 23981 
append  chr16 34002234 70185679 447 -0.137865 40521 40967 
left  chr16 34002234 70185679 447 -0.137865 40521 40967 
right  chr16 70311539 90104086 352 -0.180200 40968 41319 
append  chr5 98689552 127560945 524 0.373715 16706 17229 
left  chr5 85803738 98630021 234 0.349600 16472 16705 
right  chr5 98689552 127560945 524 0.373715 16706 17229 
append  chr8 16504702 39308029 418 -0.192146 24126 24543 
left  chr8 16504702 39308029 418 -0.192146 24126 24543 
right  chr8 39363306 43295289 68 -0.127000 24544 24611 
append  chr1 104859779 108993907 74 0.418427 1829 1902 
left  chr1 104859779 108993907 74 0.418427 1829 1902 
right  chr1 109085303 119384856 186 0.375200 1903 2088 
append  chr15 22760350 32616215 143 -0.035515 38637 38779 
append  chr1 149883877 161478718 201 0.412467 2147 2347 
left  chr1 149883877 161478718 201 0.412467 2147 2347 
right  chr1 161643369 231188588 1251 0.394500 2348 3598 
append  chr1 7622684 13189334 93 0.448270 121 213 
append  chr2 96778353 97950780 18 0.109058 5537 5554 
append  chr5 68809159 85571564 270 0.386606 16199 16468 
left  chr5 49996432 68743773 339 0.330200 15860 16198 
right  chr5 68809159 85571564 270 0.386606 16199 16468 
append  chr1 16949551 18103598 18 0.575068 267 284 
append  chr8 0 2308879 38 -0.831756 23857 23894 
append  chr10 132289224 135377159 56 -0.230207 30614 30669 
append  chr1 119442828 120456926 19 0.204396 2089 2107 
append  chrX 47965461 49957901 29 -0.885966 47990 48018 
append  chr5 49996432 85749233 612 0.352337 15860 16471 
left  chr5 49996432 85749233 612 0.352337 15860 16471 
right  chr5 85803738 127560945 758 0.366283 16472 17229 
append  chr4 132556845 144620612 219 -0.074779 13968 14186 
left  chr4 127760044 132504583 86 -0.089100 13882 13967 
right  chr4 132556845 144620612 219 -0.074779 13968 14186 
append  chr15 43745771 44895831 18 0.076838 38973 38990 
append  chr13 0 19871384 10 0.095929 35313 35322 
append  chr10 127745132 132237494 83 -0.295363 30531 30613 
left  chr10 127745132 132237494 83 -0.295363 30531 30613 
right  chr10 132289224 135377159 56 -0.230207 30614 30669 
append  chr3 62671553 75803231 236 -0.111157 9272 9507 
append  chr5 34039509 46247392 214 0.329894 15640 15853 
left  chr5 26537136 33986669 137 0.304100 15503 15639 
right  chr5 34039509 46247392 214 0.329894 15640 15853 
append  chr11 3262464 48298148 812 0.371578 30725 31536 
left  chr11 0 3210409 55 0.326300 30670 30724 
right  chr11 3262464 48298148 812 0.371578 30725 31536 
append  chr5 175326394 176943274 25 0.460355 18095 18119 
append  chr7 6718456 14731753 145 0.710186 21298 21442 
left  chr7 0 6659855 113 0.678000 21185 21297 
right  chr7 6718456 14731753 145 0.710186 21298 21442 
append  chr1 59575385 83831115 442 0.415022 1014 1455 
left  chr1 59575385 83831115 442 0.415022 1014 1455 
right  chr1 83963137 103676535 359 0.395100 1456 1814 
append  chr7 76810158 149915511 1294 0.784976 22407 23700 
left  chr7 76810158 149915511 1294 0.784976 22407 23700 
right  chr7 150027632 155537318 92 0.732500 23701 23792 
append  chr2 87054924 89253843 21 0.200200 5494 5514 
SDUndoAll intrachrom breakpoints 0 
