/fast/users/giurgium_c/CircleSeq/Nanopore/Evolution/Process/CB1067-initial_02082021/hg19/ngmlr_hg19.bam
check bam and bed for consistency in chromosome annotation!!
loading chrom sizes
total chroms: 93
genome size: 3137161264
loading bins
total bins: 50000
chroms with bins: 24
counting reads in bins
total used reads: 3942202
mean reads per bin: 78
writing output
Analyzing: CB1067.initial_02082021 
append  chr15 32953668 34761777 33 -0.045383 38780 38812 
left  chr15 32953668 34761777 33 -0.045383 38780 38812 
right  chr15 34873738 43745771 161 -0.099300 38813 38973 
append  chr11 67539283 69665920 36 0.056045 31784 31819 
left  chr11 61715880 67442829 98 0.000400 31686 31783 
right  chr11 67539283 69665920 36 0.056045 31784 31819 
append  chr3 125426068 161613122 651 -0.140677 10354 11004 
left  chr3 106333970 125361217 347 -0.148400 10007 10353 
right  chr3 125426068 161613122 651 -0.140677 10354 11004 
append  chr12 6002549 8476458 40 -0.026877 33099 33138 
append  chr1 12870263 16755897 55 -0.554517 212 266 
append  chr12 8604971 34491362 461 -0.117657 33139 33599 
left  chr12 8604971 34491362 461 -0.117657 33139 33599 
right  chr12 34541833 63849496 459 -0.098600 33600 34058 
append  chr12 8604971 64019144 922 -0.105739 33139 34060 
left  chr12 8604971 64019144 922 -0.105739 33139 34060 
right  chr12 64143343 119813653 1011 -0.142400 34061 35071 
append  chr1 103727765 108643232 85 0.310473 1815 1899 
left  chr1 83963137 103676535 359 0.265300 1456 1814 
right  chr1 103727765 108643232 85 0.310473 1815 1899 
append  chr8 0 2238112 37 0.312622 23857 23893 
append  chr4 90500 3978596 68 0.319716 11658 11725 
append  chr1 161386267 242995101 1465 0.256236 2346 3810 
append  chr7 32308130 35215987 49 0.381149 21764 21812 
append  chr1 12870263 17056656 57 -0.490507 212 268 
append  chr15 43804009 46032488 35 0.118317 38974 39008 
append  chr16 70843139 75424323 76 0.045080 40977 41052 
append  chr1 243058683 249164701 100 0.368311 3811 3910 
append  chr8 8101872 39308029 562 0.148594 23982 24543 
left  chr8 8101872 39308029 562 0.148594 23982 24543 
right  chr8 39363306 43295289 68 0.156400 24544 24611 
append  chr15 32406791 43745771 196 -0.072825 38778 38973 
left  chr15 22760350 32353534 141 -0.103500 38637 38777 
right  chr15 32406791 43745771 196 -0.072825 38778 38973 
append  chr8 6990838 43295289 632 0.154278 23980 24611 
left  chr8 2308879 6903623 86 0.112300 23894 23979 
right  chr8 6990838 43295289 632 0.154278 23980 24611 
append  chr7 55530328 63033118 42 0.487830 22179 22220 
append  chr2 96778353 97950780 18 0.422932 5537 5554 
append  chrY 6630050 13526657 50 -5.848322 49710 49759 
append  chr17 40737121 44350738 60 1.124010 41934 41993 
append  chr15 46088716 85052320 686 -0.135242 39009 39694 
left  chr15 46088716 85052320 686 -0.135242 39009 39694 
right  chr15 85151273 102363776 313 -0.152300 39695 40007 
append  chr11 3262464 7606375 73 -0.212848 30725 30797 
append  chr11 71266233 88428522 307 -0.100313 31847 32153 
left  chr11 69789925 71202841 27 -0.155600 31820 31846 
right  chr11 71266233 88428522 307 -0.100313 31847 32153 
append  chr16 34002234 34746226 11 -0.535041 40521 40531 
append  chr4 36830690 119514935 1414 0.280389 12321 13734 
left  chr4 36830690 119514935 1414 0.280389 12321 13734 
right  chr4 119633344 132504583 233 0.244900 13735 13967 
append  chr4 36830690 132794070 1650 0.276848 12321 13970 
left  chr4 36830690 132794070 1650 0.276848 12321 13970 
right  chr4 132907402 190845177 1053 0.265400 13971 15023 
append  chr1 83963137 108993907 447 0.279842 1456 1902 
left  chr1 83963137 108993907 447 0.279842 1456 1902 
right  chr1 109085303 120456926 205 0.262100 1903 2107 
append  chr1 83569672 120456926 655 0.278639 1453 2107 
left  chr1 54427661 83519313 534 0.267800 919 1452 
right  chr1 83569672 120456926 655 0.278639 1453 2107 
append  chr16 69937283 70791381 12 0.276621 40965 40976 
append  chr7 149615104 159062382 159 0.352494 23698 23856 
left  chr7 124469969 149544391 439 0.322400 23259 23697 
right  chr7 149615104 159062382 159 0.352494 23698 23856 
append  chr17 15105272 18621677 52 0.500016 41580 41631 
append  chr2 16814747 87776523 1279 0.229971 4218 5496 
left  chr2 16814747 87776523 1279 0.229971 4218 5496 
right  chr2 88218730 89197076 17 0.184400 5497 5513 
SDUndoAll intrachrom breakpoints 0 
