/fast/users/giurgium_c/CircleSeq/Nanopore/Evolution/Process/CB1074-initial_17062021/hg19/ngmlr_hg19.bam
check bam and bed for consistency in chromosome annotation!!
loading chrom sizes
total chroms: 93
genome size: 3137161264
loading bins
total bins: 50000
chroms with bins: 24
counting reads in bins
total used reads: 4722845
mean reads per bin: 94
writing output
Analyzing: CB1074.initial_17062021 
append  chr13 64259612 71254805 131 -0.065293 36124 36254 
left  chr13 53307281 64207013 204 -0.077900 35920 36123 
right  chr13 64259612 71254805 131 -0.065293 36124 36254 
append  chr4 119394522 125667573 111 0.086447 13733 13843 
left  chr4 107319478 119293164 219 0.040700 13514 13732 
right  chr4 119394522 125667573 111 0.086447 13733 13843 
append  chr12 63907011 67092576 56 0.193042 34059 34114 
append  chr5 17665494 20834534 58 0.011347 15346 15403 
append  chr13 0 19871384 10 0.183439 35313 35322 
append  chr15 28239931 32616215 55 0.185523 38725 38779 
append  chr1 12870263 14058838 7 0.696617 212 218 
append  chr2 96778353 97950780 18 0.341948 5537 5554 
append  chr1 15687619 17056656 21 0.363079 248 268 
append  chr8 6990838 10456682 46 0.126835 23980 24025 
append  chr11 115353755 116685267 26 -0.276915 32631 32656 
append  chrX 100216441 103233202 47 -0.773293 48751 48797 
append  chr11 48699173 49960937 13 0.563281 31541 31553 
append  chr15 47346289 48357289 20 -0.081413 39032 39051 
append  chr2 202163026 202786737 12 -0.009480 7399 7410 
append  chr14 88773410 91050722 42 0.032962 38294 38335 
append  chr2 36159316 42199956 111 0.086222 4569 4679 
left  chr2 36159316 42199956 111 0.086222 4569 4679 
right  chr2 42256334 44941409 49 0.138900 4680 4728 
append  chr11 7234549 8070520 16 -0.199499 30790 30805 
append  chr15 93263049 95035195 33 0.036422 39840 39872 
append  chr10 35830536 37436240 29 -0.033728 29012 29040 
append  chr19 8933960 10148918 21 -0.094801 44127 44147 
append  chr5 118166870 118727061 11 0.328288 17059 17069 
append  chr3 162486284 168675335 115 -0.004081 11020 11134 
append  chr4 132556845 138648952 111 -0.040126 13968 14078 
left  chr4 130004986 132504583 47 -0.088300 13921 13967 
right  chr4 132556845 138648952 111 -0.040126 13968 14078 
append  chr4 3171840 4124033 16 0.031134 11711 11726 
append  chr15 84708726 86358436 24 0.232089 39692 39715 
append  chr11 3262464 7177726 65 0.106290 30725 30789 
append  chr5 21226090 33934225 230 -0.040786 15409 15638 
append  chr1 206109068 207877847 27 0.241817 3152 3178 
append  chr4 140202692 144979848 85 0.096545 14106 14190 
append  chr11 67442829 68705083 20 0.255815 31783 31802 
append  chr1 68285974 83831115 284 -0.026449 1172 1455 
left  chr1 68285974 83831115 284 -0.026449 1172 1455 
right  chr1 83963137 84435417 10 -0.063300 1456 1465 
append  chr14 19121755 22535641 43 0.283000 37058 37100 
append  chr17 20182107 31171802 122 0.232363 41653 41774 
append  chr7 107216756 149915511 760 0.016662 22941 23700 
left  chr7 107216756 149915511 760 0.016662 22941 23700 
right  chr7 150027632 151807407 33 -0.027600 23701 23733 
append  chr16 14769988 31895630 246 0.133189 40266 40511 
SDUndoAll intrachrom breakpoints 0 
