/fast/users/giurgium_c/CircleSeq/Nanopore/Evolution/Process/CB1091-resection-14072021/hg19/ngmlr_hg19.bam
check bam and bed for consistency in chromosome annotation!!
loading chrom sizes
total chroms: 93
genome size: 3137161264
loading bins
total bins: 50000
chroms with bins: 24
counting reads in bins
total used reads: 6104029
mean reads per bin: 122
writing output
Analyzing: CB1091.resection.14072021 
append  chr21 28167636 29343995 22 0.042445 46209 46230 
append  chr9 70966585 97111898 464 0.026326 27128 27591 
left  chr9 70966585 97111898 464 0.026326 27128 27591 
right  chr9 97230129 99573680 43 -0.014500 27592 27634 
append  chr14 106004073 107231764 19 0.129686 38609 38627 
append  chr8 0 2238112 37 0.021457 23857 23893 
append  chr4 90500 3978596 68 0.022732 11658 11725 
append  chr1 241304468 243206988 32 0.135151 3781 3812 
append  chr12 6112555 8476458 38 0.204687 33101 33138 
append  chr13 0 115048768 1745 -0.009423 35313 37057 
append  chr16 70044841 73155397 48 0.167390 40966 41013 
append  chr15 22385559 32616215 146 0.054794 38634 38779 
append  chr1 16949551 17836607 13 0.262071 267 279 
append  chr8 5979024 7630380 19 0.199777 23963 23981 
append  chr2 96778353 97950780 18 0.250578 5537 5554 
append  chr5 49621171 50101987 8 0.380422 15855 15862 
append  chr8 86447537 94769568 147 0.027059 25333 25479 
append  chr6 163810529 170869151 128 -0.036755 21057 21184 
left  chr6 161661959 163757396 40 -0.077800 21017 21056 
right  chr6 163810529 170869151 128 -0.036755 21057 21184 
append  chr1 37668727 47493488 173 0.016739 624 796 
left  chr1 37668727 47493488 173 0.016739 624 796 
right  chr1 47579122 78040438 555 -0.009200 797 1351 
append  chr4 132556845 133338484 12 0.236923 13968 13979 
append  chr4 57978716 119514935 1102 0.030864 12633 13734 
left  chr4 57978716 119514935 1102 0.030864 12633 13734 
right  chr4 119633344 128440571 160 0.028000 13735 13894 
append  chr15 84784404 93152962 146 -0.005123 39693 39838 
left  chr15 76113120 84708726 143 -0.021400 39550 39692 
right  chr15 84784404 93152962 146 -0.005123 39693 39838 
append  chr11 57063161 67687820 181 0.090628 31605 31785 
left  chr11 57063161 67687820 181 0.090628 31605 31785 
right  chr11 67790422 68761510 18 0.070000 31786 31803 
append  chr11 71266233 88482009 308 0.018820 31847 32154 
append  chr1 83569672 103676535 362 0.051890 1453 1814 
append  chr16 14029982 15181666 16 0.304169 40253 40268 
append  chr2 85111339 87776523 37 0.252877 5460 5496 
append  chrY 2877580 6451548 21 -2.186770 49689 49709 
SDUndoAll intrachrom breakpoints 0 
