/fast/users/giurgium_c/CircleSeq/Nanopore/Evolution/Process/CB1008-2nd-look_01012020/hg19/ngmlr_hg19.bam
check bam and bed for consistency in chromosome annotation!!
loading chrom sizes
total chroms: 93
genome size: 3137161264
loading bins
total bins: 50000
chroms with bins: 24
counting reads in bins
total used reads: 1525146
mean reads per bin: 30
writing output
Analyzing: CB1008.2nd.look_01012020 
append  chr22 17434016 51141171 570 0.020841 46577 47146 
append  chr15 84784404 102363776 315 -0.051386 39693 40007 
left  chr15 44060329 84708726 717 -0.132500 38976 39692 
right  chr15 84784404 102363776 315 -0.051386 39693 40007 
append  chr3 125426068 195275407 1264 0.112578 10354 11617 
left  chr3 32598139 125361217 1620 0.016300 8734 10353 
right  chr3 125426068 195275407 1264 0.112578 10354 11617 
append  chr8 11854910 146232982 2366 -0.124965 24051 26416 
left  chr8 8101872 11801595 69 -0.149000 23982 24050 
right  chr8 11854910 146232982 2366 -0.124965 24051 26416 
append  chr5 20688773 68743773 797 0.032992 15402 16198 
left  chr5 882009 20634337 365 -0.045600 15037 15401 
right  chr5 20688773 68743773 797 0.032992 15402 16198 
append  chr15 43804009 102363776 1034 -0.105139 38974 40007 
left  chr15 32953668 43745771 194 -0.123900 38780 38973 
right  chr15 43804009 102363776 1034 -0.105139 38974 40007 
append  chr2 112357506 114191202 29 0.136567 5787 5815 
append  chr1 12870263 16755897 55 -0.190081 212 266 
append  chr3 195334395 197796251 40 0.281045 11618 11657 
append  chr7 56785782 62630292 22 0.407636 22197 22218 
append  chr1 160839983 161478718 11 0.661843 2337 2347 
append  chr15 32406791 102363776 1230 -0.105156 38778 40007 
left  chr15 29145546 32353534 46 -0.164300 38732 38777 
right  chr15 32406791 102363776 1230 -0.105156 38778 40007 
append  chr2 111970893 114191202 31 0.238328 5785 5815 
append  chr7 76810158 143273742 1186 0.158495 22407 23592 
left  chr7 76810158 143273742 1186 0.158495 22407 23592 
right  chr7 143596146 159062382 264 0.145400 23593 23856 
append  chr1 12870263 17056656 57 -0.113325 212 268 
append  chr2 97732487 110412033 218 0.061021 5553 5770 
left  chr2 96778353 97637976 16 0.030700 5537 5552 
right  chr2 97732487 110412033 218 0.061021 5553 5770 
append  chr7 56785782 63033118 24 0.549821 22197 22220 
append  chr5 68809159 177000653 1922 0.020198 16199 18120 
left  chr5 882009 68743773 1162 0.008290 15037 16198 
right  chr5 68809159 177000653 1922 0.020198 16199 18120 
append  chr8 6990838 146232982 2437 -0.123513 23980 26416 
left  chr8 2376006 6903623 85 -0.149100 23895 23979 
right  chr8 6990838 146232982 2437 -0.123513 23980 26416 
append  chr1 0 12804213 211 -0.275767 1 211 
append  chr8 2174520 146232982 2525 -0.123279 23892 26416 
left  chr8 0 2120604 35 -0.136200 23857 23891 
right  chr8 2174520 146232982 2525 -0.123279 23892 26416 
append  chr11 50126133 71519154 295 0.082254 31555 31849 
left  chr11 50126133 71519154 295 0.082254 31555 31849 
right  chr11 71631794 88482009 305 0.052900 31850 32154 
append  chr7 6718456 34760211 509 0.240308 21298 21806 
left  chr7 0 6659855 113 0.180600 21185 21297 
right  chr7 6718456 34760211 509 0.240308 21298 21806 
append  chr5 177067177 180656941 58 0.100255 18121 18178 
left  chr5 882009 177000653 3084 0.015711 15037 18120 
right  chr5 177067177 180656941 58 0.100255 18121 18178 
append  chr1 83569672 119493842 638 0.056245 1453 2090 
left  chr1 44313912 83519313 711 0.032900 742 1452 
right  chr1 83569672 119493842 638 0.056245 1453 2090 
append  chr13 0 115048768 1745 0.003441 35313 37057 
append  chr10 48310241 89184260 709 0.042816 29126 29834 
left  chr10 48310241 89184260 709 0.042816 29126 29834 
right  chr10 89308041 135377159 835 0.013500 29835 30669 
append  chr2 87054924 89197076 20 0.437722 5494 5513 
append  chr2 12387297 14072140 32 1.446010 4137 4168 
append  chr2 12387297 14234540 35 1.583168 4137 4171 
SDUndoAll intrachrom breakpoints 0 
