/fast/users/giurgium_c/CircleSeq/Nanopore/Evolution/Process/CB1074-resection_21062021/hg19/ngmlr_hg19.bam
check bam and bed for consistency in chromosome annotation!!
loading chrom sizes
total chroms: 93
genome size: 3137161264
loading bins
total bins: 50000
chroms with bins: 24
counting reads in bins
total used reads: 3585410
mean reads per bin: 71
writing output
Analyzing: CB1074.resection_21062021 
append  chr22 17434016 51141171 570 0.020542 46577 47146 
append  chr15 34655792 43745771 163 0.007394 38811 38973 
left  chr15 32953668 34600353 31 -0.008100 38780 38810 
right  chr15 34655792 43745771 163 0.007394 38811 38973 
append  chr5 0 796054 13 0.188863 15024 15036 
append  chr8 0 2238112 37 0.096514 23857 23893 
append  chr1 149883877 161478718 201 0.086801 2147 2347 
append  chr5 49996432 70310328 341 0.010805 15860 16200 
left  chr5 49996432 70310328 341 0.010805 15860 16200 
right  chr5 70751670 98576396 504 -0.004300 16201 16704 
append  chr12 0 64019144 1069 0.024804 32992 34060 
left  chr12 0 64019144 1069 0.024804 32992 34060 
right  chr12 64143343 133772925 1252 0.008100 34061 35312 
append  chr15 43804009 45690270 29 0.214863 38974 39002 
append  chr10 81367396 88692109 130 0.023877 29701 29830 
append  chr3 125426068 197796251 1304 0.009354 10354 11657 
left  chr3 75803231 125361217 847 0.003800 9507 10353 
right  chr3 125426068 197796251 1304 0.009354 10354 11657 
append  chr5 20205440 20834534 11 0.226242 15393 15403 
append  chr3 75424719 197796251 2153 0.008261 9505 11657 
left  chr3 0 75352079 1364 -0.012000 8141 9504 
right  chr3 75424719 197796251 2153 0.008261 9505 11657 
append  chr1 243058683 248489036 93 0.060173 3811 3903 
left  chr1 161643369 242995101 1463 0.015100 2348 3810 
right  chr1 243058683 248489036 93 0.060173 3811 3903 
append  chr16 70044841 70442178 5 0.680704 40966 40970 
append  chr15 22309241 32616215 147 0.126109 38633 38779 
append  chr17 19146986 44350738 359 0.097839 41635 41993 
left  chr17 19146986 44350738 359 0.097839 41635 41993 
right  chr17 44808094 81063601 635 0.046700 41994 42628 
append  chr1 0 13189334 213 0.010830 1 213 
append  chr2 96778353 97950780 18 0.323905 5537 5554 
append  chr1 16949551 47085896 524 0.009469 267 790 
append  chr8 6990838 47456119 650 -0.000298 23980 24629 
left  chr8 2308879 6903623 86 -0.035700 23894 23979 
right  chr8 6990838 47456119 650 -0.000298 23980 24629 
append  chrX 2699955 48141799 812 -0.975965 47181 47992 
left  chrX 2699955 48141799 812 -0.975965 47181 47992 
right  chrX 48301973 50893217 42 -1.013600 47993 48034 
append  chr21 15326036 29343995 259 -0.011271 45972 46230 
left  chr21 15326036 29343995 259 -0.011271 45972 46230 
right  chr21 29438499 48047356 340 -0.032400 46231 46570 
append  chr6 0 57130619 1027 -0.006849 18179 19205 
append  chr4 90500 4124033 69 0.033200 11658 11726 
left  chr4 90500 4124033 69 0.033200 11658 11726 
right  chr4 4214230 8855835 86 -0.004000 11727 11812 
append  chr4 119293164 132504583 236 0.031453 13732 13967 
left  chr4 9801043 119240289 1912 0.017700 11820 13731 
right  chr4 119293164 132504583 236 0.031453 13732 13967 
append  chr4 9801043 132794070 2151 0.020330 11820 13970 
left  chr4 9801043 132794070 2151 0.020330 11820 13970 
right  chr4 132907402 144620612 216 -0.014800 13971 14186 
append  chr15 81739957 85052320 44 0.191894 39651 39694 
append  chr11 55120297 67687820 215 0.071305 31571 31785 
append  chr1 83569672 120456926 655 -0.011181 1453 2107 
left  chr1 47657839 83519313 655 -0.040000 798 1452 
right  chr1 83569672 120456926 655 -0.011181 1453 2107 
append  chr17 15453600 18184563 43 0.114678 41586 41628 
append  chr11 3262464 48298148 812 0.000747 30725 31536 
append  chr5 175326394 180656941 84 0.127933 18095 18178 
append  chr11 71266233 77765429 113 0.014948 31847 31959 
left  chr11 67790422 71202841 61 -0.024100 31786 31846 
right  chr11 71266233 77765429 113 0.014948 31847 31959 
append  chr2 15956341 16390600 8 1.365933 4203 4210 
append  chr5 34039509 46247392 214 0.065981 15640 15853 
left  chr5 20954774 33986669 236 0.007500 15404 15639 
right  chr5 34039509 46247392 214 0.065981 15640 15853 
append  chr13 0 19809049 9 0.500307 35313 35321 
append  chr14 19121755 107231764 1570 -0.002229 37058 38627 
append  chr2 87054924 89197076 20 0.408364 5494 5513 
SDUndoAll intrachrom breakpoints 0 
