/fast/users/giurgium_c/CircleSeq/Nanopore/Evolution/Process/CB1069-resection_29072021/hg19/ngmlr_hg19.bam
check bam and bed for consistency in chromosome annotation!!
loading chrom sizes
total chroms: 93
genome size: 3137161264
loading bins
total bins: 50000
chroms with bins: 24
counting reads in bins
total used reads: 2903755
mean reads per bin: 58
writing output
Analyzing: CB1069.resection_29072021 
append  chr8 2376006 6903623 85 -0.073216 23895 23979 
append  chr12 31185910 63849496 514 0.042729 33545 34058 
left  chr12 8604971 31131856 406 0.026500 33139 33544 
right  chr12 31185910 63849496 514 0.042729 33545 34058 
append  chr6 32526395 57610677 451 0.014488 18758 19208 
left  chr6 410962 32462906 575 -0.004500 18183 18757 
right  chr6 32526395 57610677 451 0.014488 18758 19208 
append  chr12 8604971 64019144 922 0.037395 33139 34060 
left  chr12 8604971 64019144 922 0.037395 33139 34060 
right  chr12 64143343 132905910 1240 -0.004300 34061 35300 
append  chr1 243058683 249164701 100 0.105005 3811 3910 
append  chr12 0 8476458 147 0.072312 32992 33138 
left  chr12 0 8476458 147 0.072312 32992 33138 
right  chr12 8604971 132905910 2162 0.013481 33139 35300 
append  chr11 0 3529090 58 0.114727 30670 30727 
append  chr5 20688773 21847338 17 0.241768 15402 15418 
append  chr4 90500 3978596 68 0.057264 11658 11725 
append  chr3 75901346 125553269 848 0.016559 9508 10355 
left  chr3 75901346 125553269 848 0.016559 9508 10355 
right  chr3 125678303 137254717 207 0.013500 10356 10562 
append  chr1 149883877 161478718 201 0.065559 2147 2347 
left  chr1 149883877 161478718 201 0.065559 2147 2347 
right  chr1 161643369 196648214 639 0.019000 2348 2986 
append  chr2 111970893 130649822 329 0.021000 5785 6113 
left  chr2 111441629 111919873 10 -0.012300 5775 5784 
right  chr2 111970893 130649822 329 0.021000 5785 6113 
append  chr1 16949551 47141525 525 -0.236052 267 791 
left  chr1 13824109 16755897 53 -0.274500 214 266 
right  chr1 16949551 47141525 525 -0.236052 267 791 
append  chr1 12870263 47141525 580 -0.232743 212 791 
left  chr1 1758057 12804213 195 -0.277800 17 211 
right  chr1 12870263 47141525 580 -0.232743 212 791 
append  chr15 22760350 32616215 143 0.124911 38637 38779 
append  chr7 56333763 63033118 30 0.462280 22191 22220 
append  chr2 97732487 110412033 218 -0.002588 5553 5770 
left  chr2 96778353 97637976 16 -0.026400 5537 5552 
right  chr2 97732487 110412033 218 -0.002588 5553 5770 
append  chr8 6990838 146232982 2437 -0.023295 23980 26416 
left  chr8 2376006 6903623 85 -0.073216 23895 23979 
right  chr8 6990838 146232982 2437 -0.023295 23980 26416 
append  chrY 6630050 13526657 50 -5.512409 49710 49759 
append  chr8 0 2120604 35 0.151185 23857 23891 
append  chr4 69371698 69993854 11 0.279301 12838 12848 
append  chr1 149883877 196874966 843 0.032368 2147 2989 
left  chr1 149883877 196874966 843 0.032368 2147 2989 
right  chr1 196949270 200141996 60 0.027400 2990 3049 
append  chr4 69371698 70236075 14 0.376488 12838 12851 
append  chr8 0 2308879 38 0.197549 23857 23894 
append  chr11 50352587 67687820 228 0.031604 31558 31785 
append  chr4 119293164 132504583 236 0.053011 13732 13967 
left  chr4 70318908 119240289 880 0.031900 12852 13731 
right  chr4 119293164 132504583 236 0.053011 13732 13967 
append  chr7 0 6966458 116 0.045863 21185 21300 
left  chr7 0 6966458 116 0.045863 21185 21300 
right  chr7 7071647 56273387 890 0.014400 21301 22190 
append  chr4 70318908 132794070 1119 0.038913 12852 13970 
left  chr4 70318908 132794070 1119 0.038913 12852 13970 
right  chr4 132907402 144620612 216 0.010700 13971 14186 
append  chr11 71266233 88540402 309 0.013793 31847 32155 
append  chr16 69937283 90104086 355 0.002792 40965 41319 
left  chr16 34866227 69880249 432 -0.018300 40533 40964 
right  chr16 69937283 90104086 355 0.002792 40965 41319 
append  chr1 83569672 103676535 362 0.037117 1453 1814 
left  chr1 53154126 83519313 557 0.002200 896 1452 
right  chr1 83569672 103676535 362 0.037117 1453 1814 
append  chr13 0 115048768 1745 0.005823 35313 37057 
append  chr5 34039509 180656941 2539 0.025516 15640 18178 
left  chr5 22271815 33986669 216 -0.003200 15424 15639 
right  chr5 34039509 180656941 2539 0.025516 15640 18178 
append  chr2 87054924 89197076 20 0.420347 5494 5513 
SDUndoAll intrachrom breakpoints 0 
