+ set -e
+ datadir=/fast/users/giurgium_c/CircleSeq/Nanopore/Evolution/Process/K11-20195-relapse-08092021/hg19
+ fin=/fast/users/giurgium_c/CircleSeq/Nanopore/Evolution/Process/K11-20195-relapse-08092021/hg19/ngmlr_hg19.bam
+ sample=K11-20195-relapse-08092021
+ datatemp=/fast/users/giurgium_c/scratch/CNV/K11-20195-relapse-08092021
+ mkdir -p /fast/users/giurgium_c/scratch/CNV/K11-20195-relapse-08092021
+ scripts_root=/fast/users/giurgium_c/work/nano-wgs/cnv/smurfseq_scripts/scripts/
+ scripts_data=/fast/users/giurgium_c/work/nano-wgs/cnv/smurfseq_scripts/data
+ scripts_cnv=/fast/users/giurgium_c/work/nano-wgs/cnv/smurfseq_scripts/scripts/cnvAnalysis.R
+ export LANG=en_US.UTF-8
+ LANG=en_US.UTF-8
+ export LC_ALL=en_US.UTF-8
+ LC_ALL=en_US.UTF-8
+ echo /fast/users/giurgium_c/CircleSeq/Nanopore/Evolution/Process/K11-20195-relapse-08092021/hg19/ngmlr_hg19.bam
+ echo 'check bam and bed for consistency in chromosome annotation!!'
+ mkdir -p /fast/users/giurgium_c/CircleSeq/Nanopore/Evolution/Process/K11-20195-relapse-08092021/hg19/cnv_50k
+ cd /fast/users/giurgium_c/work/nano-wgs/cnv/smurfseq_scripts/scripts/
+ ./filterAlnScoreAndQual.py -i /fast/users/giurgium_c/CircleSeq/Nanopore/Evolution/Process/K11-20195-relapse-08092021/hg19/ngmlr_hg19.bam -o /fast/users/giurgium_c/scratch/CNV/K11-20195-relapse-08092021/unambig_smurf_frags.sam -s 120 -q 1
[E::hts_open_format] Failed to open file "/fast/users/giurgium_c/CircleSeq/Nanopore/Evolution/Process/K11-20195-relapse-08092021/hg19/ngmlr_hg19.bam" : No such file or directory
Traceback (most recent call last):
  File "./filterAlnScoreAndQual.py", line 49, in <module>
    main()
  File "./filterAlnScoreAndQual.py", line 36, in main
    samInput = pysam.AlignmentFile(args.inputFile, 'r', check_sq=False)
  File "pysam/libcalignmentfile.pyx", line 751, in pysam.libcalignmentfile.AlignmentFile.__cinit__
  File "pysam/libcalignmentfile.pyx", line 950, in pysam.libcalignmentfile.AlignmentFile._open
FileNotFoundError: [Errno 2] could not open alignment file `/fast/users/giurgium_c/CircleSeq/Nanopore/Evolution/Process/K11-20195-relapse-08092021/hg19/ngmlr_hg19.bam`: No such file or directory
