/fast/users/giurgium_c/CircleSeq/Nanopore/Evolution/Process/K2-CB1053-initial_11082021/hg19/ngmlr_hg19.bam
check bam and bed for consistency in chromosome annotation!!
loading chrom sizes
total chroms: 93
genome size: 3137161264
loading bins
total bins: 50000
chroms with bins: 24
counting reads in bins
total used reads: 3812220
mean reads per bin: 76
writing output
Analyzing: K2.CB1053.initial_11082021 
append  chr1 12687497 13189334 5 -0.079474 209 213 
append  chr9 88317642 96901176 148 0.012998 27441 27588 
left  chr9 70966585 88262921 313 -0.014600 27128 27440 
right  chr9 88317642 96901176 148 0.012998 27441 27588 
append  chr15 34655792 35870954 21 0.189264 38811 38831 
append  chr1 16949551 50490123 583 -0.899607 267 849 
append  chr21 15326036 29343995 259 0.000164 45972 46230 
left  chr21 15326036 29343995 259 0.000164 45972 46230 
right  chr21 29438499 48047356 340 -0.025200 46231 46570 
append  chr12 8604971 64019144 922 0.027275 33139 34060 
left  chr12 8604971 64019144 922 0.027275 33139 34060 
right  chr12 64143343 97318457 606 0.014200 34061 34666 
append  chr4 70318908 119514935 883 0.030556 12852 13734 
left  chr4 70318908 119514935 883 0.030556 12852 13734 
right  chr4 119633344 132504583 233 0.018000 13735 13967 
append  chr8 0 2238112 37 0.054101 23857 23893 
append  chr3 125678303 129873096 76 0.037602 10356 10431 
left  chr3 125678303 129873096 76 0.037602 10356 10431 
right  chr3 129969990 194964536 1181 -0.008200 10432 11612 
append  chr12 6059208 8476458 39 0.150096 33100 33138 
append  chr3 123229983 125553269 42 0.076234 10314 10355 
append  chr1 243058683 249164701 100 0.091029 3811 3910 
append  chr15 42823299 43916915 19 0.274296 38957 38975 
append  chr1 149883877 161478718 201 0.058062 2147 2347 
left  chr1 149883877 161478718 201 0.058062 2147 2347 
right  chr1 161643369 205752281 802 0.006500 2348 3149 
append  chr15 22760350 32616215 143 0.083942 38637 38779 
append  chr2 96778353 97950780 18 0.323949 5537 5554 
append  chr8 6990838 146232982 2437 -0.018356 23980 26416 
left  chr8 2308879 6903623 86 -0.039100 23894 23979 
right  chr8 6990838 146232982 2437 -0.018356 23980 26416 
append  chr17 15105272 18621677 52 -0.740488 41580 41631 
append  chr6 0 45230449 809 -0.001463 18179 18987 
append  chr9 96955725 99573680 46 0.071081 27589 27634 
append  chr4 70318908 132794070 1119 0.029770 12852 13970 
left  chr4 70318908 132794070 1119 0.029770 12852 13970 
right  chr4 132907402 144620612 216 0.027700 13971 14186 
append  chr15 44060329 85052320 719 0.026595 38976 39694 
left  chr15 44060329 85052320 719 0.026595 38976 39694 
right  chr15 85151273 102363776 313 -0.026400 39695 40007 
append  chr3 75424719 122966871 805 0.019785 9505 10309 
left  chr3 0 75352079 1364 0.007200 8141 9504 
right  chr3 75424719 122966871 805 0.019785 9505 10309 
append  chr11 3262464 48298148 812 0.020488 30725 31536 
left  chr11 0 3210409 55 -0.027300 30670 30724 
right  chr11 3262464 48298148 812 0.020488 30725 31536 
append  chr11 50126133 71519154 295 0.049435 31555 31849 
left  chr11 50126133 71519154 295 0.049435 31555 31849 
right  chr11 71631794 88482009 305 0.028300 31850 32154 
append  chr1 83569672 92232712 154 0.042285 1453 1606 
left  chr1 50542002 83519313 603 0.013600 850 1452 
right  chr1 83569672 92232712 154 0.042285 1453 1606 
append  chr13 0 52580743 599 -0.001682 35313 35911 
append  chr16 69937283 76342539 104 0.117815 40965 41068 
append  chr14 19121755 24400311 76 0.135018 37058 37133 
append  chr16 14769988 31895630 246 0.089359 40266 40511 
append  chr2 16447680 87776523 1286 0.021927 4211 5496 
left  chr2 16447680 87776523 1286 0.021927 4211 5496 
right  chr2 88218730 89197076 17 0.012800 5497 5513 
SDUndoAll intrachrom breakpoints 0 
