/fast/users/giurgium_c/CircleSeq/Nanopore/Evolution/Process/K2-CB1053-relapse_16082021/hg19/ngmlr_hg19.bam
check bam and bed for consistency in chromosome annotation!!
loading chrom sizes
total chroms: 93
genome size: 3137161264
loading bins
total bins: 50000
chroms with bins: 24
counting reads in bins
total used reads: 1597850
mean reads per bin: 31
writing output
Analyzing: K2.CB1053.relapse_16082021 
append  chr6 26670982 57074422 544 0.012339 18661 19204 
left  chr6 0 26608998 482 0.006500 18179 18660 
right  chr6 26670982 57074422 544 0.012339 18661 19204 
append  chr1 0 13189334 213 -0.448794 1 213 
left  chr1 0 13189334 213 -0.448794 1 213 
right  chr1 13824109 16755897 53 -0.525400 214 266 
append  chr8 8101872 39308029 562 0.002148 23982 24543 
left  chr8 8101872 39308029 562 0.002148 23982 24543 
right  chr8 39363306 146232982 1873 0.011100 24544 26416 
append  chr1 108697840 120456926 208 0.069689 1900 2107 
left  chr1 83963137 108643232 444 0.029800 1456 1899 
right  chr1 108697840 120456926 208 0.069689 1900 2107 
append  chr13 0 52702130 601 0.019928 35313 35913 
append  chr1 16949551 50698596 587 -0.425689 267 853 
left  chr1 0 16755897 266 -0.464061 1 266 
right  chr1 16949551 50698596 587 -0.425689 267 853 
append  chr1 157148040 161478718 77 0.120337 2271 2347 
append  chr5 34156708 68743773 558 0.031406 15641 16198 
left  chr5 0 34039509 617 0.004500 15024 15640 
right  chr5 34156708 68743773 558 0.031406 15641 16198 
append  chr15 23626192 32616215 136 0.076326 38644 38779 
left  chr15 23626192 32616215 136 0.076326 38644 38779 
right  chr15 32953668 102363776 1228 0.013100 38780 40007 
append  chr2 97732487 130649822 561 0.031785 5553 6113 
left  chr2 96778353 97637976 16 0.019200 5537 5552 
right  chr2 97732487 130649822 561 0.031785 5553 6113 
append  chr17 34478365 44350738 160 0.105823 41834 41993 
left  chr17 34478365 44350738 160 0.105823 41834 41993 
right  chr17 44808094 56807967 216 0.012300 41994 42209 
append  chr8 0 7630380 125 0.078892 23857 23981 
left  chr8 0 7630380 125 0.078892 23857 23981 
right  chr8 8101872 146232982 2435 0.009029 23982 26416 
append  chr7 74140303 76002866 16 0.412524 22387 22402 
append  chr5 68809159 180656941 1980 0.022540 16199 18178 
left  chr5 0 68743773 1175 0.017265 15024 16198 
right  chr5 68809159 180656941 1980 0.022540 16199 18178 
append  chr1 83569672 120456926 655 0.049162 1453 2107 
left  chr1 50751937 83519313 599 0.018800 854 1452 
right  chr1 83569672 120456926 655 0.049162 1453 2107 
append  chr4 144751293 190845177 836 0.010504 14188 15023 
left  chr4 132958803 144676282 216 -0.035100 13972 14187 
right  chr4 144751293 190845177 836 0.010504 14188 15023 
append  chr7 149615104 159062382 159 0.061366 23698 23856 
left  chr7 76810158 149544391 1291 0.027700 22407 23697 
right  chr7 149615104 159062382 159 0.061366 23698 23856 
append  chr14 19121755 107231764 1570 0.027602 37058 38627 
SDUndoAll intrachrom breakpoints 0 
