/fast/users/giurgium_c/CircleSeq/Nanopore/Evolution/Process/K7-23273-2nd-look_07062021/hg19/ngmlr_hg19.bam
check bam and bed for consistency in chromosome annotation!!
loading chrom sizes
total chroms: 93
genome size: 3137161264
loading bins
total bins: 50000
chroms with bins: 24
counting reads in bins
total used reads: 9977279
mean reads per bin: 199
writing output
Analyzing: K7.23273.2nd.look_07062021 
append  chr4 90500 3978596 68 -0.647063 11658 11725 
append  chr13 53187918 64348568 208 -0.015250 35918 36125 
left  chr13 53187918 64348568 208 -0.015250 35918 36125 
right  chr13 64444198 80632029 303 -0.029600 36126 36428 
append  chr15 44060329 102363776 1032 -0.021770 38976 40007 
append  chr6 52613029 57130619 83 0.043130 19123 19205 
append  chr9 0 21213375 384 0.004065 26417 26800 
left  chr9 0 21213375 384 0.004065 26417 26800 
right  chr9 21281458 33442384 222 -0.007200 26801 27022 
append  chr1 12870263 16755897 55 -0.605868 212 266 
append  chr1 158948121 161478718 45 0.007674 2303 2347 
append  chr9 70966585 97111898 464 0.009931 27128 27591 
append  chr1 103727765 106515605 45 0.097641 1815 1859 
append  chr14 41583834 102026709 1100 -0.021523 37440 38539 
append  chr6 78964086 93235429 255 -0.003039 19522 19776 
append  chr2 98261705 107108975 161 0.003906 5555 5715 
left  chr2 98261705 107108975 161 0.003906 5555 5715 
right  chr2 107178382 109028072 34 -0.022900 5716 5749 
append  chr12 31185910 38864896 72 0.104420 33545 33616 
append  chr14 20110123 41532144 380 0.032721 37060 37439 
append  chr16 87387563 88197114 14 0.240951 41274 41287 
append  chr7 33064396 35215987 38 0.067678 21775 21812 
append  chr15 43804009 102363776 1034 -0.020264 38974 40007 
left  chr15 41763282 43745771 36 -0.040500 38938 38973 
right  chr15 43804009 102363776 1034 -0.020264 38974 40007 
append  chr21 29249735 48047356 342 -0.016006 46229 46570 
left  chr21 15428328 29179313 256 -0.027800 45973 46228 
right  chr21 29249735 48047356 342 -0.016006 46229 46570 
append  chr5 20688773 46247392 452 0.039874 15402 15853 
append  chr1 196949270 243206988 823 -0.008114 2990 3812 
left  chr1 196949270 243206988 823 -0.008114 2990 3812 
right  chr1 243375901 247587884 76 -0.031400 3813 3888 
append  chr3 129756026 197796251 1228 0.006856 10430 11657 
append  chr12 38923013 64019144 444 0.028748 33617 34060 
left  chr12 38923013 64019144 444 0.028748 33617 34060 
right  chr12 64143343 133772925 1252 -0.004500 34061 35312 
append  chr3 93621508 125553269 581 -0.003323 9775 10355 
append  chr8 0 2238112 37 0.097349 23857 23893 
append  chr1 12870263 17056656 57 -0.548768 212 268 
append  chr2 111970893 117446790 87 0.123454 5785 5871 
append  chr16 70044841 71141287 13 0.327854 40966 40978 
append  chr15 32406791 34600353 33 0.068720 38778 38810 
append  chr14 106004073 107231764 19 0.208855 38609 38627 
append  chr2 96778353 97950780 18 0.217094 5537 5554 
append  chr7 55636781 63033118 40 0.371420 22181 22220 
append  chr14 19121755 41532144 382 0.043004 37058 37439 
append  chr8 2308879 7630380 88 0.059553 23894 23981 
append  chr11 22979260 32325195 172 0.014204 31076 31247 
left  chr11 6012619 22923859 308 -0.026800 30768 31075 
right  chr11 22979260 32325195 172 0.014204 31076 31247 
append  chr3 77782069 93546648 232 0.015018 9543 9774 
left  chr3 77782069 93546648 232 0.015018 9543 9774 
right  chr3 93621508 125553269 581 -0.003323 9775 10355 
append  chr7 39795906 52364285 227 0.017342 21895 22121 
left  chr7 35303640 39740414 82 -0.016400 21813 21894 
right  chr7 39795906 52364285 227 0.017342 21895 22121 
append  chr1 176784599 196874966 369 0.008089 2621 2989 
left  chr1 176784599 196874966 369 0.008089 2621 2989 
right  chr1 196949270 247587884 899 -0.010080 2990 3888 
append  chr19 52979111 55437456 37 0.155558 44799 44835 
append  chr15 32406791 34873738 36 0.110702 38778 38813 
append  chr4 132556845 134405770 32 0.095856 13968 13999 
append  chr13 19504144 20138425 10 0.241877 35316 35325 
append  chr1 55715421 83831115 514 -0.024987 942 1455 
append  chr11 63234039 67687820 76 0.084623 31710 31785 
append  chr11 67790422 71519154 64 0.050373 31786 31849 
append  chr17 57962105 60131578 37 0.519002 42228 42264 
append  chr4 144751293 190845177 836 0.010343 14188 15023 
left  chr4 143885840 144676282 15 -0.004700 14173 14187 
right  chr4 144751293 190845177 836 0.010343 14188 15023 
append  chr13 0 20138425 13 0.402913 35313 35325 
append  chr7 149615104 159062382 159 0.046398 23698 23856 
left  chr7 76810158 149544391 1291 0.015400 22407 23697 
right  chr7 149615104 159062382 159 0.046398 23698 23856 
append  chr8 133161257 137796226 88 -0.112528 26180 26267 
append  chr16 14769988 28168908 199 0.058359 40266 40464 
append  chr2 87054924 89197076 20 0.306842 5494 5513 
append  chr17 42827725 44350738 25 0.727052 41969 41993 
SDUndoAll intrachrom breakpoints 0 
