/fast/users/giurgium_c/CircleSeq/Nanopore/Evolution/Process/K7-23273-initial_02062021/hg19/ngmlr_hg19.bam
check bam and bed for consistency in chromosome annotation!!
loading chrom sizes
total chroms: 93
genome size: 3137161264
loading bins
total bins: 50000
chroms with bins: 24
counting reads in bins
total used reads: 3598587
mean reads per bin: 71
writing output
Analyzing: K7.23273.initial_02062021 
append  chr19 0 5776876 93 -0.707632 43987 44079 
append  chr1 7841261 13189334 89 -0.787457 125 213 
append  chr10 81367396 88692109 130 0.008527 29701 29830 
left  chr10 78638337 81302395 51 -0.022700 29650 29700 
right  chr10 81367396 88692109 130 0.008527 29701 29830 
append  chr8 2174520 6903623 88 -0.030061 23892 23979 
left  chr8 0 2120604 35 -0.068300 23857 23891 
right  chr8 2174520 6903623 88 -0.030061 23892 23979 
append  chr1 16949551 55660725 675 -0.880330 267 941 
left  chr1 13824109 16755897 53 -0.900600 214 266 
right  chr1 16949551 55660725 675 -0.880330 267 941 
append  chr12 57360920 64019144 120 0.026554 33941 34060 
left  chr12 57360920 64019144 120 0.026554 33941 34060 
right  chr12 64143343 111704896 865 -0.004100 34061 34925 
append  chr3 76035772 125553269 846 -0.015943 9510 10355 
left  chr3 76035772 125553269 846 -0.015943 9510 10355 
right  chr3 125678303 128286095 50 -0.054000 10356 10405 
append  chr15 32406791 43636435 194 0.065019 38778 38971 
left  chr15 31197859 32353534 21 0.031900 38757 38777 
right  chr15 32406791 43636435 194 0.065019 38778 38971 
append  chr14 106004073 107231764 19 0.240366 38609 38627 
append  chr15 28496571 30294445 24 0.150677 38729 38752 
append  chr2 96778353 97950780 18 0.270054 5537 5554 
append  chr8 6990838 9712297 32 0.147628 23980 24011 
append  chr14 19121755 20565238 9 0.731992 37058 37066 
append  chr11 0 3529090 58 -0.142204 30670 30727 
append  chr8 137687799 141121314 65 -0.087266 26265 26329 
left  chr8 49136221 137634800 1609 -0.023900 24656 26264 
right  chr8 137687799 141121314 65 -0.087266 26265 26329 
append  chr13 0 52702130 601 0.016435 35313 35913 
append  chr4 99028643 144979848 825 0.006990 13366 14190 
left  chr4 99028643 144979848 825 0.006990 13366 14190 
right  chr4 145075873 190845177 833 -0.005600 14191 15023 
append  chr11 63234039 67687820 76 0.131255 31710 31785 
append  chr1 83569672 120456926 655 0.015972 1453 2107 
left  chr1 55715421 83519313 511 -0.044700 942 1452 
right  chr1 83569672 120456926 655 0.015972 1453 2107 
append  chr11 67790422 71519154 64 0.089061 31786 31849 
append  chr5 14898445 34336696 345 0.025710 15298 15642 
left  chr5 14898445 34336696 345 0.025710 15298 15642 
right  chr5 34441142 180656941 2536 0.016500 15643 18178 
append  chr2 87054924 89253843 21 0.347625 5494 5514 
append  chr17 42884429 44350738 24 0.886658 41970 41993 
SDUndoAll intrachrom breakpoints 0 
