/fast/users/giurgium_c/CircleSeq/Nanopore/Evolution/Process/K7-23273-relapse_09062021/hg19/ngmlr_hg19.bam
check bam and bed for consistency in chromosome annotation!!
loading chrom sizes
total chroms: 93
genome size: 3137161264
loading bins
total bins: 50000
chroms with bins: 24
counting reads in bins
total used reads: 10707221
mean reads per bin: 214
writing output
Analyzing: K7.23273.relapse_09062021 
append  chr4 90500 3978596 68 -0.904942 11658 11725 
left  chr4 90500 3978596 68 -0.904942 11658 11725 
right  chr4 4124033 8906817 88 -0.939800 11726 11813 
append  chr1 7681358 13189334 92 -0.774442 122 213 
append  chr7 21959765 29736240 142 0.009817 21576 21717 
left  chr7 21959765 29736240 142 0.009817 21576 21717 
right  chr7 29810788 32598274 52 -0.029000 21718 21769 
append  chr8 142179455 145261269 56 -0.008539 26348 26403 
left  chr8 142179455 145261269 56 -0.008539 26348 26403 
right  chr8 145531767 146232982 13 -0.049900 26404 26416 
append  chr3 129756026 187549717 1046 0.010488 10430 11475 
left  chr3 125678303 129681455 74 0.004600 10356 10429 
right  chr3 129756026 187549717 1046 0.010488 10430 11475 
append  chr9 88317642 96955725 149 0.007372 27441 27589 
left  chr9 70966585 88262921 313 -0.026300 27128 27440 
right  chr9 88317642 96955725 149 0.007372 27441 27589 
append  chr9 33506461 38737330 91 0.055249 27023 27113 
append  chr1 243058683 249164701 100 0.054734 3811 3910 
append  chr12 34853102 64019144 457 0.035523 33604 34060 
left  chr12 34853102 64019144 457 0.035523 33604 34060 
right  chr12 64143343 110599583 846 0.005200 34061 34906 
append  chr3 125426068 187549717 1122 0.011474 10354 11475 
left  chr3 93801969 125361217 576 0.000000 9778 10353 
right  chr3 125426068 187549717 1122 0.011474 10354 11475 
append  chr10 81367396 84521197 54 0.083562 29701 29754 
append  chr8 2174520 2794934 12 0.148991 23892 23903 
append  chr1 13824109 17056656 55 -0.796939 214 268 
append  chr11 3399991 48298148 811 -0.006256 30726 31536 
left  chr11 0 3262464 56 -0.009900 30670 30725 
right  chr11 3399991 48298148 811 -0.006256 30726 31536 
append  chr14 106004073 107231764 19 0.173817 38609 38627 
append  chr15 32406791 34600353 33 0.123569 38778 38810 
append  chr2 96778353 97950780 18 0.204899 5537 5554 
append  chr8 6990838 43295289 632 0.015429 23980 24611 
append  chr6 61885360 63769655 33 -0.135102 19218 19250 
append  chr16 87387563 87848936 9 0.174158 41274 41282 
append  chr4 69993854 94434383 436 0.013706 12848 13283 
left  chr4 48578496 69938055 315 0.009300 12533 12847 
right  chr4 69993854 94434383 436 0.013706 12848 13283 
append  chr9 8485389 14269251 109 0.035150 26567 26675 
left  chr9 8485389 14269251 109 0.035150 26567 26675 
right  chr9 14319931 33442384 347 0.013500 26676 27022 
append  chr13 19933703 52702130 591 0.014203 35323 35913 
append  chr10 88178352 89184260 14 0.232095 29821 29834 
append  chr1 196949270 202456274 101 0.037498 2990 3090 
left  chr1 196949270 202456274 101 0.037498 2990 3090 
right  chr1 202537615 242995101 720 0.006200 3091 3810 
append  chr21 27079437 29343995 42 0.049296 46189 46230 
append  chr15 43745771 45013218 20 0.171355 38973 38992 
append  chr1 196703605 242995101 824 0.012551 2987 3810 
left  chr1 156090410 196648214 735 -0.017400 2252 2986 
right  chr1 196703605 242995101 824 0.012551 2987 3810 
append  chr4 109858763 119514935 175 0.028941 13560 13734 
left  chr4 109858763 119514935 175 0.028941 13560 13734 
right  chr4 119633344 132504583 233 0.006000 13735 13967 
append  chr4 109858763 132794070 411 0.019626 13560 13970 
left  chr4 109858763 132794070 411 0.019626 13560 13970 
right  chr4 132907402 139675301 127 -0.003100 13971 14097 
append  chr10 0 38869769 683 0.019579 28377 29059 
left  chr10 0 38869769 683 0.019579 28377 29059 
right  chr10 42427242 46100167 59 -0.013700 29060 29118 
append  chr15 32406791 34873738 36 0.164882 38778 38813 
append  chr6 0 8995715 162 -0.028682 18179 18340 
append  chr13 0 19871384 10 0.143970 35313 35322 
append  chr4 142574381 144979848 42 0.076092 14149 14190 
append  chr14 19121755 32549990 222 -0.019251 37058 37279 
append  chr5 34039509 180656941 2539 0.011965 15640 18178 
left  chr5 9209007 33986669 448 0.008100 15192 15639 
right  chr5 34039509 180656941 2539 0.011965 15640 18178 
append  chr1 83569672 120456926 655 0.011776 1453 2107 
left  chr1 55715421 83519313 511 -0.006400 942 1452 
right  chr1 83569672 120456926 655 0.011776 1453 2107 
append  chr11 60834921 67687820 115 0.097125 31671 31785 
append  chr11 67790422 71519154 64 0.052431 31786 31849 
append  chr7 76810158 149915511 1294 0.020586 22407 23700 
left  chr7 76810158 149915511 1294 0.020586 22407 23700 
right  chr7 150027632 159062382 156 0.008700 23701 23856 
append  chr8 133002438 137796226 91 -0.145739 26177 26267 
append  chr16 0 15181666 261 0.027623 40008 40268 
left  chr16 0 15181666 261 0.027623 40008 40268 
right  chr16 15495797 28966966 204 -0.001300 40269 40472 
append  chr4 9801043 10218521 9 -1.181166 11820 11828 
append  chr2 87054924 89197076 20 0.254539 5494 5513 
append  chr17 42827725 44350738 25 0.853241 41969 41993 
SDUndoAll intrachrom breakpoints 0 
