/fast/users/giurgium_c/CircleSeq/Nanopore/Evolution/Process/K8-26440-relapse_23082021/hg19/ngmlr_hg19.bam
check bam and bed for consistency in chromosome annotation!!
loading chrom sizes
total chroms: 93
genome size: 3137161264
loading bins
total bins: 50000
chroms with bins: 24
counting reads in bins
total used reads: 8751627
mean reads per bin: 175
writing output
Analyzing: K8.26440.relapse_23082021 
append  chr1 10187901 13189334 49 -0.871477 165 213 
append  chr19 20515576 27964312 64 0.087496 44316 44379 
left  chr19 18441851 20444021 34 0.128000 44282 44315 
right  chr19 20515576 27964312 64 0.087496 44316 44379 
append  chr7 128115305 143115420 265 0.010250 23326 23590 
left  chr7 103105199 128050853 458 -0.021100 22868 23325 
right  chr7 128115305 143115420 265 0.010250 23326 23590 
append  chr9 33506461 38737330 91 0.059251 27023 27113 
append  chr7 143170063 149544391 107 0.026907 23591 23697 
left  chr7 103105199 143115420 723 -0.009581 22868 23590 
right  chr7 143170063 149544391 107 0.026907 23591 23697 
append  chr4 132650563 144676282 219 0.014721 13969 14187 
left  chr4 119633344 132556845 234 0.006600 13735 13968 
right  chr4 132650563 144676282 219 0.014721 13969 14187 
append  chr1 13824109 17056656 55 -0.878935 214 268 
append  chr5 49928728 70310328 342 0.018705 15859 16200 
left  chr5 49928728 70310328 342 0.018705 15859 16200 
right  chr5 70751670 180656941 1978 0.001300 16201 18178 
append  chr7 34760211 35215987 7 0.376680 21806 21812 
append  chr15 43804009 47527266 62 0.118108 38974 39035 
append  chr11 0 3529090 58 0.036046 30670 30727 
left  chr11 0 3529090 58 0.036046 30670 30727 
right  chr11 3643808 9118610 97 -0.006200 30728 30824 
append  chr12 0 64019144 1069 0.022265 32992 34060 
left  chr12 0 64019144 1069 0.022265 32992 34060 
right  chr12 64143343 100560973 665 -0.008500 34061 34725 
append  chr5 20688773 21419634 10 0.357907 15402 15411 
append  chr17 20306220 31063073 119 0.139153 41654 41772 
left  chr17 18767912 20182107 22 0.099500 41632 41653 
right  chr17 20306220 31063073 119 0.139153 41654 41772 
append  chr8 8101872 39308029 562 -0.023444 23982 24543 
append  chr16 67066780 70185679 52 0.117061 40916 40967 
append  chr9 0 4480112 80 -0.071514 26417 26496 
append  chr3 93690582 125553269 580 -0.005655 9776 10355 
left  chr3 93690582 125553269 580 -0.005655 9776 10355 
right  chr3 125678303 129626601 73 -0.009700 10356 10428 
append  chr14 106004073 107231764 19 0.249964 38609 38627 
append  chr15 32406791 41258562 153 0.045428 38778 38930 
left  chr15 22760350 32353534 141 0.012900 38637 38777 
right  chr15 32406791 41258562 153 0.045428 38778 38930 
append  chr8 2174520 6903623 88 -0.033754 23892 23979 
append  chr1 243058683 249164701 100 0.641933 3811 3910 
append  chr7 55636781 63033118 40 0.336304 22181 22220 
append  chr2 96778353 97950780 18 0.245993 5537 5554 
append  chr14 19121755 105948591 1551 -0.006845 37058 38608 
append  chr8 6990838 39308029 564 -0.017284 23980 24543 
left  chr8 2174520 6903623 88 -0.033754 23892 23979 
right  chr8 6990838 39308029 564 -0.017284 23980 24543 
append  chr2 15528078 16066109 11 7.726230 4195 4205 
append  chr20 23637590 25615741 36 -0.040374 45329 45364 
append  chr2 204144240 209732623 102 0.009526 7433 7534 
left  chr2 204144240 209732623 102 0.009526 7433 7534 
right  chr2 209794617 242986539 606 -0.019500 7535 8140 
append  chr11 66985869 67687820 11 0.240483 31775 31785 
append  chr7 32658530 33176150 8 0.267651 21770 21777 
append  chr21 15326036 29438499 260 -0.006888 45972 46231 
left  chr21 15326036 29438499 260 -0.006888 45972 46231 
right  chr21 29492672 48047356 339 -0.040100 46232 46570 
append  chr4 119293164 144676282 456 0.015052 13732 14187 
left  chr4 70372086 119240289 879 0.002900 12853 13731 
right  chr4 119293164 144676282 456 0.015052 13732 14187 
append  chr15 77196791 85052320 126 0.012355 39569 39694 
left  chr15 77196791 85052320 126 0.012355 39569 39694 
right  chr15 85151273 95669657 190 -0.010600 39695 39884 
append  chr3 129681455 162429484 591 0.005045 10429 11019 
left  chr3 93690582 129626601 653 -0.006109 9776 10428 
right  chr3 129681455 162429484 591 0.005045 10429 11019 
append  chr7 4377357 6966458 39 0.231842 21262 21300 
append  chr7 40533454 53554103 237 -0.058009 21907 22143 
left  chr7 40533454 53554103 237 -0.058009 21907 22143 
right  chr7 53606935 55584209 37 -0.033800 22144 22180 
append  chr4 70372086 144979848 1338 0.008810 12853 14190 
left  chr4 70372086 144979848 1338 0.008810 12853 14190 
right  chr4 145075873 190845177 833 -0.013200 14191 15023 
append  chr17 15453600 18184563 43 0.126108 41586 41628 
append  chr13 0 20032003 12 0.316926 35313 35324 
append  chr1 83569672 120456926 655 0.012021 1453 2107 
left  chr1 61757343 83519313 399 -0.018600 1054 1452 
right  chr1 83569672 120456926 655 0.012021 1453 2107 
append  chr4 90500 4124033 69 0.036859 11658 11726 
append  chr7 103105199 149915511 833 -0.001526 22868 23700 
left  chr7 103105199 149915511 833 -0.001526 22868 23700 
right  chr7 150027632 159062382 156 -0.022900 23701 23856 
append  chr11 71266233 78214618 121 0.072511 31847 31967 
append  chr3 93690582 162592156 1247 -0.008846 9776 11022 
left  chr3 93690582 162592156 1247 -0.008846 9776 11022 
right  chr3 162643158 186730544 438 0.007500 11023 11460 
append  chr16 14769988 28286070 201 0.054470 40266 40466 
left  chr16 10357396 14708240 78 0.014500 40188 40265 
right  chr16 14769988 28286070 201 0.054470 40266 40466 
append  chr17 18244946 31063073 144 0.156126 41629 41772 
left  chr17 15453600 18184563 43 0.126108 41586 41628 
right  chr17 18244946 31063073 144 0.156126 41629 41772 
append  chr2 87054924 89253843 21 0.290735 5494 5514 
SDUndoAll intrachrom breakpoints 0 
