/fast/users/giurgium_c/CircleSeq/Nanopore/Evolution/Process/K8-26440-initial-18082021/hg19/ngmlr_hg19.bam
check bam and bed for consistency in chromosome annotation!!
loading chrom sizes
total chroms: 93
genome size: 3137161264
loading bins
total bins: 50000
chroms with bins: 24
counting reads in bins
total used reads: 2975957
mean reads per bin: 59
writing output
Analyzing: K8.26440.initial.18082021 
append  chr7 53606935 54982580 26 0.108264 22144 22169 
append  chr8 2308879 6903623 86 -0.063179 23894 23979 
append  chr1 7952695 13189334 87 -0.700500 127 213 
append  chr18 0 14044317 252 -0.012514 42629 42880 
append  chr15 32953668 43916915 196 0.052629 38780 38975 
left  chr15 32953668 43916915 196 0.052629 38780 38975 
right  chr15 44060329 102363776 1032 -0.010200 38976 40007 
append  chr12 0 64019144 1069 0.016094 32992 34060 
left  chr12 0 64019144 1069 0.016094 32992 34060 
right  chr12 64143343 100560973 665 -0.007900 34061 34725 
append  chr5 20688773 33986669 238 0.034306 15402 15639 
left  chr5 9369766 20634337 207 0.002500 15195 15401 
right  chr5 20688773 33986669 238 0.034306 15402 15639 
append  chr16 68561992 70185679 26 0.272580 40942 40967 
append  chr1 16949551 28314749 195 -0.757212 267 461 
left  chr1 13824109 16755897 53 -0.808700 214 266 
right  chr1 16949551 28314749 195 -0.757212 267 461 
append  chr13 0 115048768 1745 -0.016466 35313 37057 
append  chr1 243058683 248489036 93 0.584107 3811 3903 
append  chr15 22760350 32616215 143 0.090571 38637 38779 
append  chr2 96778353 97950780 18 0.277749 5537 5554 
append  chr5 34441142 70310328 558 -0.003761 15643 16200 
left  chr5 34441142 70310328 558 -0.003761 15643 16200 
right  chr5 70751670 175275180 1894 -0.010700 16201 18094 
append  chr8 6990838 39199092 562 -0.010204 23980 24541 
left  chr8 2308879 6903623 86 -0.063179 23894 23979 
right  chr8 6990838 39199092 562 -0.010204 23980 24541 
append  chr2 15528078 16066109 11 7.482237 4195 4205 
append  chr1 0 2319738 27 -0.540470 1 27 
append  chr11 89838290 94094807 78 0.015527 32168 32245 
left  chr11 89838290 94094807 78 0.015527 32168 32245 
right  chr11 94164293 134891487 746 -0.023900 32246 32991 
append  chr4 119293164 132504583 236 -0.005829 13732 13967 
left  chr4 101335902 119240289 325 -0.020000 13407 13731 
right  chr4 119293164 132504583 236 -0.005829 13732 13967 
append  chr5 9369766 34336696 448 0.027730 15195 15642 
left  chr5 9369766 34336696 448 0.027730 15195 15642 
right  chr5 34441142 175275180 2452 -0.009139 15643 18094 
append  chr4 101335902 132794070 564 -0.009757 13407 13970 
left  chr4 101335902 132794070 564 -0.009757 13407 13970 
right  chr4 132907402 144620612 216 -0.033400 13971 14186 
append  chr11 3262464 48298148 812 -0.008492 30725 31536 
left  chr11 0 3210409 55 -0.046100 30670 30724 
right  chr11 3262464 48298148 812 -0.008492 30725 31536 
append  chr7 0 53554103 959 -0.011593 21185 22143 
append  chr4 90500 4124033 69 0.051432 11658 11726 
left  chr4 90500 4124033 69 0.051432 11658 11726 
right  chr4 4214230 8855835 86 -0.004300 11727 11812 
append  chr5 175326394 180656941 84 0.072917 18095 18178 
append  chr1 83963137 108993907 447 0.013676 1456 1902 
left  chr1 83963137 108993907 447 0.013676 1456 1902 
right  chr1 109085303 120456926 205 -0.010700 1903 2107 
append  chr10 88829649 102675371 242 0.026766 29832 30073 
left  chr10 48310241 88748198 706 0.001900 29126 29831 
right  chr10 88829649 102675371 242 0.026766 29832 30073 
append  chr17 15453600 18184563 43 0.116087 41586 41628 
append  chr1 83569672 120456926 655 0.010830 1453 2107 
left  chr1 61757343 83519313 399 -0.001400 1054 1452 
right  chr1 83569672 120456926 655 0.010830 1453 2107 
append  chr11 71266233 78269045 122 0.062502 31847 31968 
append  chr8 39251762 146232982 1875 -0.026894 24542 26416 
left  chr8 2308879 39199092 648 -0.017234 23894 24541 
right  chr8 39251762 146232982 1875 -0.026894 24542 26416 
append  chr8 0 2238112 37 0.153225 23857 23893 
append  chr17 15453600 18621677 46 0.200798 41586 41631 
append  chr16 14769988 31895630 246 0.099620 40266 40511 
append  chr14 19121755 96900387 1385 -0.015403 37058 38442 
append  chr2 87054924 89197076 20 0.343468 5494 5513 
SDUndoAll intrachrom breakpoints 0 
