/fast/users/giurgium_c/CircleSeq/Nanopore/Evolution/Process/K9-CB2034-initial_25082021/hg19/ngmlr_hg19.bam
check bam and bed for consistency in chromosome annotation!!
loading chrom sizes
total chroms: 93
genome size: 3137161264
loading bins
total bins: 50000
chroms with bins: 24
counting reads in bins
total used reads: 5100713
mean reads per bin: 102
writing output
Analyzing: K9.CB2034.initial_25082021 
append  chrX 143109938 148146702 90 -1.109120 49486 49575 
left  chrX 141681277 143056317 26 -1.154700 49460 49485 
right  chrX 143109938 148146702 90 -1.109120 49486 49575 
append  chr1 6128141 13189334 120 -0.773819 94 213 
left  chr1 6128141 13189334 120 -0.773819 94 213 
right  chr1 13824109 16755897 53 -0.804100 214 266 
append  chr14 20331510 34657277 257 -0.011666 37062 37318 
append  chr14 39040884 48164135 165 -0.023271 37395 37559 
left  chr14 39040884 48164135 165 -0.023271 37395 37559 
right  chr14 48216014 84629532 658 0.029900 37560 38217 
append  chr9 70966585 88394620 315 -0.022904 27128 27442 
left  chr9 70966585 88394620 315 -0.022904 27128 27442 
right  chr9 88489861 96901176 146 -0.030800 27443 27588 
append  chr8 145174421 146232982 15 0.175201 26402 26416 
append  chr7 128328615 143273742 265 0.020850 23328 23592 
left  chr7 128328615 143273742 265 0.020850 23328 23592 
right  chr7 143596146 149544391 105 -0.021600 23593 23697 
append  chr14 106004073 107231764 19 0.162370 38609 38627 
append  chr7 7071647 35215987 512 0.002789 21301 21812 
left  chr7 7071647 35215987 512 0.002789 21301 21812 
right  chr7 35303640 55584209 368 -0.046000 21813 22180 
append  chr1 242061592 243206988 18 0.211414 3795 3812 
append  chr8 2174520 6903623 88 -0.070817 23892 23979 
append  chr13 0 19871384 10 0.186776 35313 35322 
append  chr11 3399991 48238613 810 0.023565 30726 31535 
left  chr11 0 3262464 56 0.015400 30670 30725 
right  chr11 3399991 48238613 810 0.023565 30726 31535 
append  chr5 20688773 21419634 10 0.319132 15402 15411 
append  chr12 8604971 64019144 922 0.034196 33139 34060 
left  chr12 8604971 64019144 922 0.034196 33139 34060 
right  chr12 64143343 97098771 602 0.025200 34061 34662 
append  chr1 6128141 17056656 175 -0.761895 94 268 
append  chr3 53537263 125553269 1251 -0.001530 9105 10355 
append  chr15 29057664 32616215 49 0.120887 38731 38779 
append  chr15 28496571 32616215 51 0.161794 38729 38779 
append  chr8 8101872 39308029 562 -0.003131 23982 24543 
append  chr5 68809159 85241907 264 0.070318 16199 16462 
left  chr5 61141752 68743773 137 0.042300 16062 16198 
right  chr5 68809159 85241907 264 0.070318 16199 16462 
append  chr8 6990838 39308029 564 0.002167 23980 24543 
append  chr2 96778353 97950780 18 0.226305 5537 5554 
append  chr17 38712110 44350738 95 0.689750 41899 41993 
append  chr10 71103605 88930407 319 -0.846825 29515 29833 
left  chr10 71103605 88930407 319 -0.846825 29515 29833 
right  chr10 89184260 123650700 624 -0.860100 29834 30457 
append  chrX 47965461 51662333 57 -0.895392 47990 48046 
append  chr20 61803540 62872192 20 0.124122 45946 45965 
append  chr21 18788704 29343995 197 -0.026264 46034 46230 
left  chr21 18788704 29343995 197 -0.026264 46034 46230 
right  chr21 29438499 48047356 340 -0.055300 46231 46570 
append  chr13 0 20138425 13 0.278383 35313 35325 
append  chr1 202302980 206572390 68 0.107767 3088 3155 
append  chr3 128232827 129873096 28 0.128427 10404 10431 
append  chr7 128050853 149544391 373 0.018474 23325 23697 
left  chr7 114450527 127995531 252 -0.024200 23073 23324 
right  chr7 128050853 149544391 373 0.018474 23325 23697 
append  chr4 120385643 132794070 224 0.000247 13747 13970 
left  chr4 120385643 132794070 224 0.000247 13747 13970 
right  chr4 132907402 138755969 110 -0.035000 13971 14080 
append  chr5 21526703 34336696 231 -0.003366 15412 15642 
left  chr5 21526703 34336696 231 -0.003366 15412 15642 
right  chr5 34441142 46068795 208 -0.020500 15643 15850 
append  chr2 214125385 237309420 422 0.004779 7615 8036 
left  chr2 180965992 214072444 603 0.021800 7012 7614 
right  chr2 214125385 237309420 422 0.004779 7615 8036 
append  chr11 63234039 67687820 76 0.120588 31710 31785 
append  chr4 90500 4124033 69 0.063585 11658 11726 
append  chr5 175326394 180656941 84 0.064487 18095 18178 
append  chr1 83569672 120456926 655 0.034663 1453 2107 
left  chr1 51722106 83519313 582 0.013100 871 1452 
right  chr1 83569672 120456926 655 0.034663 1453 2107 
append  chr7 149615104 153346662 60 0.081486 23698 23757 
append  chr11 71266233 88540402 309 0.034165 31847 32155 
append  chr17 18244946 38658023 270 0.107656 41629 41898 
left  chr17 12694435 18184563 93 0.067600 41536 41628 
right  chr17 18244946 38658023 270 0.107656 41629 41898 
append  chr16 14769988 28286070 201 0.055670 40266 40466 
append  chr2 51325521 87776523 651 0.010518 4846 5496 
left  chr2 51325521 87776523 651 0.010518 4846 5496 
right  chr2 88218730 89197076 17 -0.001500 5497 5513 
SDUndoAll intrachrom breakpoints 0 
