/fast/users/giurgium_c/CircleSeq/Nanopore/Evolution/Process/K9-CB2034-relapse_30082021/hg19/ngmlr_hg19.bam
check bam and bed for consistency in chromosome annotation!!
loading chrom sizes
total chroms: 93
genome size: 3137161264
loading bins
total bins: 50000
chroms with bins: 24
counting reads in bins
total used reads: 2581400
mean reads per bin: 51
writing output
Analyzing: K9.CB2034.relapse_30082021 
append  chr9 100009031 129857295 545 0.006652 27639 28183 
left  chr9 100009031 129857295 545 0.006652 27639 28183 
right  chr9 129907976 140993712 193 0.056300 28184 28376 
append  chr5 20688773 34039509 239 0.032550 15402 15640 
append  chr11 3399991 10900762 130 0.035126 30726 30855 
left  chr11 1048328 3262464 41 -0.029600 30685 30725 
right  chr11 3399991 10900762 130 0.035126 30726 30855 
append  chr1 0 13189334 213 -0.586146 1 213 
left  chr1 0 13189334 213 -0.586146 1 213 
right  chr1 13824109 16755897 53 -0.629600 214 266 
append  chr4 90500 3978596 68 0.071767 11658 11725 
append  chr15 32953668 43916915 196 0.020970 38780 38975 
left  chr15 32953668 43916915 196 0.020970 38780 38975 
right  chr15 44060329 102363776 1032 0.007100 38976 40007 
append  chr5 34156708 68743773 558 0.049977 15641 16198 
left  chr5 20688773 34039509 239 0.032550 15402 15640 
right  chr5 34156708 68743773 558 0.049977 15641 16198 
append  chr1 0 17056656 268 -0.578698 1 268 
left  chr1 0 17056656 268 -0.578698 1 268 
right  chr1 17257431 47195722 524 -0.634700 269 792 
append  chr15 22760350 32616215 143 0.102455 38637 38779 
append  chr2 96778353 97950780 18 0.303954 5537 5554 
append  chr5 20688773 70310328 799 0.049086 15402 16200 
left  chr5 20688773 70310328 799 0.049086 15402 16200 
right  chr5 70751670 180656941 1978 0.020200 16201 18178 
append  chr21 15326036 29343995 259 -0.003535 45972 46230 
left  chr21 15326036 29343995 259 -0.003535 45972 46230 
right  chr21 29438499 48047356 340 -0.023000 46231 46570 
append  chr4 132556845 144620612 219 0.038301 13968 14186 
left  chr4 9801043 132504583 2148 0.026000 11820 13967 
right  chr4 132556845 144620612 219 0.038301 13968 14186 
append  chr11 50352587 67687820 228 0.087965 31558 31785 
append  chr13 0 42335049 414 -0.012543 35313 35726 
append  chr11 71266233 88540402 309 0.045767 31847 32155 
left  chr11 67790422 71202841 61 -0.027200 31786 31846 
right  chr11 71266233 88540402 309 0.045767 31847 32155 
append  chr17 15214014 18621677 50 0.246475 41582 41631 
append  chr17 38658023 44350738 96 0.608942 41898 41993 
append  chr2 87054924 89197076 20 0.363838 5494 5513 
SDUndoAll intrachrom breakpoints 0 
